[debug] [2021-04-15T10:35:02.107Z] ----------------------------------------------------------------------
[debug] [2021-04-15T10:35:02.112Z] Command:       C:\Program Files\nodejs\node.exe C:\Users\jbily\AppData\Roaming\npm\node_modules\firebase-tools\lib\bin\firebase.js deploy --only hosting
[debug] [2021-04-15T10:35:02.113Z] CLI Version:   9.1.0
[debug] [2021-04-15T10:35:02.113Z] Platform:      win32
[debug] [2021-04-15T10:35:02.114Z] Node Version:  v14.15.4
[debug] [2021-04-15T10:35:02.122Z] Time:          Thu Apr 15 2021 13:35:02 GMT+0300 (Восточная Европа, летнее время)
[debug] [2021-04-15T10:35:02.123Z] ----------------------------------------------------------------------
[debug] [2021-04-15T10:35:02.123Z] 
[debug] [2021-04-15T10:35:02.138Z] > command requires scopes: ["email","openid","https://www.googleapis.com/auth/cloudplatformprojects.readonly","https://www.googleapis.com/auth/firebase","https://www.googleapis.com/auth/cloud-platform"]
[debug] [2021-04-15T10:35:02.138Z] > authorizing via signed-in user
[debug] [2021-04-15T10:35:02.139Z] [iam] checking project zhe-game for permissions ["firebase.projects.get","firebasehosting.sites.update"]
[debug] [2021-04-15T10:35:02.147Z] >>> HTTP REQUEST POST https://cloudresourcemanager.googleapis.com/v1/projects/zhe-game:testIamPermissions  
 {"permissions":["firebase.projects.get","firebasehosting.sites.update"]}
[debug] [2021-04-15T10:35:03.072Z] <<< HTTP RESPONSE 200 {"content-type":"application/json; charset=UTF-8","vary":"X-Origin, Referer, Origin,Accept-Encoding","date":"Thu, 15 Apr 2021 10:35:01 GMT","server":"ESF","cache-control":"private","x-xss-protection":"0","x-frame-options":"SAMEORIGIN","x-content-type-options":"nosniff","server-timing":"gfet4t7; dur=687","alt-svc":"h3-29=\":443\"; ma=2592000,h3-T051=\":443\"; ma=2592000,h3-Q050=\":443\"; ma=2592000,h3-Q046=\":443\"; ma=2592000,h3-Q043=\":443\"; ma=2592000,quic=\":443\"; ma=2592000; v=\"46,43\"","accept-ranges":"none","transfer-encoding":"chunked"}
[debug] [2021-04-15T10:35:03.074Z] >>> HTTP REQUEST GET https://firebase.googleapis.com/v1beta1/projects/zhe-game  
 
[debug] [2021-04-15T10:35:03.358Z] <<< HTTP RESPONSE 200 {"content-type":"application/json; charset=UTF-8","vary":"X-Origin, Referer, Origin,Accept-Encoding","date":"Thu, 15 Apr 2021 10:35:02 GMT","server":"ESF","cache-control":"private","x-xss-protection":"0","x-frame-options":"SAMEORIGIN","x-content-type-options":"nosniff","alt-svc":"h3-29=\":443\"; ma=2592000,h3-T051=\":443\"; ma=2592000,h3-Q050=\":443\"; ma=2592000,h3-Q046=\":443\"; ma=2592000,h3-Q043=\":443\"; ma=2592000,quic=\":443\"; ma=2592000; v=\"46,43\"","accept-ranges":"none","transfer-encoding":"chunked"}
[info] 
[info] === Deploying to 'zhe-game'...
[info] 
[info] i  deploying hosting 
[debug] [2021-04-15T10:35:03.371Z] >>> HTTP REQUEST POST https://firebasehosting.googleapis.com/v1beta1/sites/zhe-game/versions  
 {"config":{"rewrites":[{"glob":"**","path":"/index.html"}]},"labels":{"deployment-tool":"cli-firebase"}}
[debug] [2021-04-15T10:35:04.808Z] <<< HTTP RESPONSE 200 {"content-type":"application/json; charset=UTF-8","vary":"X-Origin, Referer, Origin,Accept-Encoding","date":"Thu, 15 Apr 2021 10:35:03 GMT","server":"ESF","cache-control":"private","x-xss-protection":"0","x-frame-options":"SAMEORIGIN","x-content-type-options":"nosniff","alt-svc":"h3-29=\":443\"; ma=2592000,h3-T051=\":443\"; ma=2592000,h3-Q050=\":443\"; ma=2592000,h3-Q046=\":443\"; ma=2592000,h3-Q043=\":443\"; ma=2592000,quic=\":443\"; ma=2592000; v=\"46,43\"","accept-ranges":"none","transfer-encoding":"chunked"}
